#
# There is insufficient memory for the Java Runtime Environment to continue.
# Native memory allocation (malloc) failed to allocate 1048576 bytes for AllocateHeap
# Possible reasons:
#   The system is out of physical RAM or swap space
#   In 32 bit mode, the process size limit was hit
# Possible solutions:
#   Reduce memory load on the system
#   Increase physical memory or swap space
#   Check if swap backing store is full
#   Use 64 bit Java on a 64 bit OS
#   Decrease Java heap size (-Xmx/-Xms)
#   Decrease number of Java threads
#   Decrease Java thread stack sizes (-Xss)
#   Set larger code cache with -XX:ReservedCodeCacheSize=
# This output file may be truncated or incomplete.
#
#  Out of Memory Error (memory/allocation.inline.hpp:61), pid=3820, tid=0x0000000000003364
#
# JRE version:  (8.0_161-b12) (build )
# Java VM: Java HotSpot(TM) 64-Bit Server VM (25.161-b12 mixed mode windows-amd64 compressed oops)
# Failed to write core dump. Minidumps are not enabled by default on client versions of Windows
#

---------------  T H R E A D  ---------------

Current thread (0x0000000004dfe000):  JavaThread "Unknown thread" [_thread_in_vm, id=13156, stack(0x0000000004ca0000,0x0000000004da0000)]

Stack: [0x0000000004ca0000,0x0000000004da0000]
[error occurred during error reporting (printing stack bounds), id 0xc0000005]

Native frames: (J=compiled Java code, j=interpreted, Vv=VM code, C=native code)


---------------  P R O C E S S  ---------------

Java Threads: ( => current thread )

Other Threads:

=>0x0000000004dfe000 (exited) JavaThread "Unknown thread" [_thread_in_vm, id=13156, stack(0x0000000004ca0000,0x0000000004da0000)]

VM state:not at safepoint (normal execution)

VM Mutex/Monitor currently owned by a thread: None

Heap:
 PSYoungGen      total 57344K, used 983K [0x0000000780980000, 0x0000000784980000, 0x00000007c0000000)
  eden space 49152K, 2% used [0x0000000780980000,0x0000000780a75c38,0x0000000783980000)
  from space 8192K, 0% used [0x0000000784180000,0x0000000784180000,0x0000000784980000)
  to   space 8192K, 0% used [0x0000000783980000,0x0000000783980000,0x0000000784180000)
 ParOldGen       total 131072K, used 0K [0x0000000701c00000, 0x0000000709c00000, 0x0000000780980000)
  object space 131072K, 0% used [0x0000000701c00000,0x0000000701c00000,0x0000000709c00000)
 Metaspace       used 747K, capacity 4480K, committed 4480K, reserved 1056768K
  class space    used 75K, capacity 384K, committed 384K, reserved 1048576K

Card table byte_map: [0x00000000142f0000,0x00000000148f0000] byte_map_base: 0x0000000010ae2000

Marking Bits: (ParMarkBitMap*) 0x000000006592f860
 Begin Bits: [0x00000000150f0000, 0x0000000018080000)
 End Bits:   [0x0000000018080000, 0x000000001b010000)

Polling page: 0x00000000034d0000

CodeCache: size=245760Kb used=328Kb max_used=328Kb free=245431Kb
 bounds [0x0000000004f30000, 0x00000000051a0000, 0x0000000013f30000]
 total_blobs=58 nmethods=0 adapters=38
 compilation: enabled

Compilation events (0 events):
No events

GC Heap History (0 events):
No events

Deoptimization events (0 events):
No events

Classes redefined (0 events):
No events

Internal exceptions (0 events):
No events

Events (10 events):
Event: 0.030 loading class java/lang/Short
Event: 0.030 loading class java/lang/Short done
Event: 0.031 loading class java/lang/Integer
Event: 0.031 loading class java/lang/Integer done
Event: 0.031 loading class java/lang/Long
Event: 0.031 loading class java/lang/Long done
Event: 0.031 loading class java/lang/NullPointerException
Event: 0.031 loading class java/lang/NullPointerException done
Event: 0.031 loading class java/lang/ArithmeticException
Event: 0.032 loading class java/lang/ArithmeticException done


Dynamic libraries:
0x00007ff71fa10000 - 0x00007ff71fa47000 	C:\Program Files\Java\jre1.8.0_161\bin\javaw.exe
0x00007ffb77910000 - 0x00007ffb77af0000 	C:\WINDOWS\SYSTEM32\ntdll.dll
0x00007ffb75740000 - 0x00007ffb757ee000 	C:\WINDOWS\System32\KERNEL32.DLL
0x00007ffb74730000 - 0x00007ffb74996000 	C:\WINDOWS\System32\KERNELBASE.dll
0x00007ffb77830000 - 0x00007ffb778d1000 	C:\WINDOWS\System32\ADVAPI32.dll
0x00007ffb75fb0000 - 0x00007ffb7604d000 	C:\WINDOWS\System32\msvcrt.dll
0x00007ffb761f0000 - 0x00007ffb7624b000 	C:\WINDOWS\System32\sechost.dll
0x00007ffb74de0000 - 0x00007ffb74eff000 	C:\WINDOWS\System32\RPCRT4.dll
0x00007ffb755b0000 - 0x00007ffb7573f000 	C:\WINDOWS\System32\USER32.dll
0x00007ffb74a50000 - 0x00007ffb74a70000 	C:\WINDOWS\System32\win32u.dll
0x00007ffb75c40000 - 0x00007ffb75c68000 	C:\WINDOWS\System32\GDI32.dll
0x00007ffb74c40000 - 0x00007ffb74dd3000 	C:\WINDOWS\System32\gdi32full.dll
0x00007ffb73d90000 - 0x00007ffb73e2b000 	C:\WINDOWS\System32\msvcp_win.dll
0x00007ffb73ee0000 - 0x00007ffb73fd6000 	C:\WINDOWS\System32\ucrtbase.dll
0x00007ffb62f50000 - 0x00007ffb631b9000 	C:\WINDOWS\WinSxS\amd64_microsoft.windows.common-controls_6595b64144ccf1df_6.0.16299.371_none_15c7d1789365a290\COMCTL32.dll
0x00007ffb75ca0000 - 0x00007ffb75fa8000 	C:\WINDOWS\System32\combase.dll
0x00007ffb73d10000 - 0x00007ffb73d82000 	C:\WINDOWS\System32\bcryptPrimitives.dll
0x00007ffb75070000 - 0x00007ffb7509d000 	C:\WINDOWS\System32\IMM32.DLL
0x0000000064c20000 - 0x0000000064cf2000 	C:\Program Files\Java\jre1.8.0_161\bin\msvcr100.dll
0x0000000065110000 - 0x00000000659af000 	C:\Program Files\Java\jre1.8.0_161\bin\server\jvm.dll
0x00007ffb75c90000 - 0x00007ffb75c98000 	C:\WINDOWS\System32\PSAPI.DLL
0x00007ffb68ce0000 - 0x00007ffb68ce9000 	C:\WINDOWS\SYSTEM32\WSOCK32.dll
0x00007ffb6a4d0000 - 0x00007ffb6a4f3000 	C:\WINDOWS\SYSTEM32\WINMM.dll
0x00007ffb777c0000 - 0x00007ffb7782c000 	C:\WINDOWS\System32\WS2_32.dll
0x00007ffb68a60000 - 0x00007ffb68a6a000 	C:\WINDOWS\SYSTEM32\VERSION.dll
0x00007ffb6a4a0000 - 0x00007ffb6a4ca000 	C:\WINDOWS\SYSTEM32\winmmbase.dll
0x00007ffb749a0000 - 0x00007ffb749ea000 	C:\WINDOWS\System32\cfgmgr32.dll
0x0000000065020000 - 0x000000006502f000 	C:\Program Files\Java\jre1.8.0_161\bin\verify.dll
0x0000000064ff0000 - 0x0000000065019000 	C:\Program Files\Java\jre1.8.0_161\bin\java.dll
0x0000000064fd0000 - 0x0000000064fe6000 	C:\Program Files\Java\jre1.8.0_161\bin\zip.dll

VM Arguments:
jvm_args: -Dfile.encoding=Cp1252 
java_command: movie.random.Driver
java_class_path (initial): C:\Program Files\Java\jre1.8.0_161\lib\resources.jar;C:\Program Files\Java\jre1.8.0_161\lib\rt.jar;C:\Program Files\Java\jre1.8.0_161\lib\jsse.jar;C:\Program Files\Java\jre1.8.0_161\lib\jce.jar;C:\Program Files\Java\jre1.8.0_161\lib\charsets.jar;C:\Program Files\Java\jre1.8.0_161\lib\jfr.jar;C:\Program Files\Java\jre1.8.0_161\lib\ext\access-bridge-64.jar;C:\Program Files\Java\jre1.8.0_161\lib\ext\cldrdata.jar;C:\Program Files\Java\jre1.8.0_161\lib\ext\dnsns.jar;C:\Program Files\Java\jre1.8.0_161\lib\ext\jaccess.jar;C:\Program Files\Java\jre1.8.0_161\lib\ext\jfxrt.jar;C:\Program Files\Java\jre1.8.0_161\lib\ext\localedata.jar;C:\Program Files\Java\jre1.8.0_161\lib\ext\nashorn.jar;C:\Program Files\Java\jre1.8.0_161\lib\ext\sunec.jar;C:\Program Files\Java\jre1.8.0_161\lib\ext\sunjce_provider.jar;C:\Program Files\Java\jre1.8.0_161\lib\ext\sunmscapi.jar;C:\Program Files\Java\jre1.8.0_161\lib\ext\sunpkcs11.jar;C:\Program Files\Java\jre1.8.0_161\lib\ext\zipfs.jar;C:\Users\isaac\git\isaacrepository\Random.Moive.Generator\bin
Launcher Type: SUN_STANDARD

Environment Variables:
PATH=C:/Program Files/Java/jre1.8.0_161/bin/server;C:/Program Files/Java/jre1.8.0_161/bin;C:/Program Files/Java/jre1.8.0_161/lib/amd64;C:\ProgramData\Oracle\Java\javapath;C:\Program Files (x86)\Intel\iCLS Client\;C:\Program Files\Intel\iCLS Client\;C:\Windows\system32;C:\Windows;C:\Windows\System32\Wbem;C:\Windows\System32\WindowsPowerShell\v1.0\;C:\Program Files (x86)\Intel\Intel(R) Management Engine Components\DAL;C:\Program Files\Intel\Intel(R) Management Engine Components\DAL;C:\Program Files (x86)\Intel\Intel(R) Management Engine Components\IPT;C:\Program Files\Intel\Intel(R) Management Engine Components\IPT;C:\Program Files (x86)\NVIDIA Corporation\PhysX\Common;C:\Program Files\Intel\WiFi\bin\;C:\Program Files\Common Files\Intel\WirelessCommon\;C:\WINDOWS\system32;C:\WINDOWS;C:\WINDOWS\System32\Wbem;C:\WINDOWS\System32\WindowsPowerShell\v1.0\;C:\Users\isaac\AppData\Local\Microsoft\WindowsApps;C:\Users\isaac\AppData\Local\GitHubDesktop\bin;C:\Users\isaac\Desktop;
USERNAME=isaac
OS=Windows_NT
PROCESSOR_IDENTIFIER=Intel64 Family 6 Model 142 Stepping 9, GenuineIntel



---------------  S Y S T E M  ---------------

OS: Windows 10.0 , 64 bit Build 16299 (10.0.16299.15)

CPU:total 4 (initial active 4) (2 cores per cpu, 2 threads per core) family 6 model 142 stepping 9, cmov, cx8, fxsr, mmx, sse, sse2, sse3, ssse3, sse4.1, sse4.2, popcnt, avx, avx2, aes, clmul, erms, 3dnowpref, lzcnt, ht, tsc, tscinvbit, bmi1, bmi2, adx

Memory: 4k page, physical 12460220k(6649408k free), swap 14935228k(8484k free)

vm_info: Java HotSpot(TM) 64-Bit Server VM (25.161-b12) for windows-amd64 JRE (1.8.0_161-b12), built on Dec 19 2017 17:52:25 by "java_re" with MS VC++ 10.0 (VS2010)

time: Sun Apr 15 12:01:22 2018
elapsed time: 0 seconds (0d 0h 0m 0s)

